<?xml version="1.0" encoding="UTF-8"?>
<!-- Generated by org.testng.reporters.JUnitReportReporter -->
<testsuite hostname="IML011012876" failures="2" tests="3" name="TestRunner.Run" time="61.632" errors="0" timestamp="2022-11-13T16:19:14 IST" skipped="0">
  <testcase classname="TestRunner.Run" name="runScenario" time="22.438"/>
  <system-out/>
  <testcase classname="TestRunner.Run" name="runScenario" time="8.255">
    <failure type="java.lang.AssertionError">
      <![CDATA[java.lang.AssertionError
at org.junit.Assert.fail(Assert.java:87)
at org.junit.Assert.assertTrue(Assert.java:42)
at org.junit.Assert.assertTrue(Assert.java:53)
at StepDefinition.StepDef.page_title_should_be(StepDef.java:115)
at ✽.Page Title should be "Dashboard / nopCommerce administration"(file:///C:/Users/raghuvardhanu/eclipse-workspace/test44/./Feature/LoginFeature.feature:18)
]]>
    </failure>
  </testcase> <!-- runScenario -->
  <system-out/>
  <testcase classname="TestRunner.Run" name="runScenario" time="30.939">
    <failure type="java.lang.AssertionError">
      <![CDATA[java.lang.AssertionError
at org.junit.Assert.fail(Assert.java:87)
at org.junit.Assert.assertTrue(Assert.java:42)
at org.junit.Assert.assertTrue(Assert.java:53)
at StepDefinition.StepDef.page_title_should_be(StepDef.java:115)
at ✽.Page Title should be "Your store. Login1"(file:///C:/Users/raghuvardhanu/eclipse-workspace/test44/./Feature/LoginFeature.feature:10)
]]>
    </failure>
  </testcase> <!-- runScenario -->
  <system-out/>
</testsuite> <!-- TestRunner.Run -->
